{"D:\\My Projects\\Product Management Dashboard\\src\\App.tsx": {"path":"D:\\My Projects\\Product Management Dashboard\\src\\App.tsx","statementMap":{"0":{"start":{"line":1,"column":0},"end":{"line":1,"column":74}},"1":{"start":{"line":2,"column":0},"end":{"line":2,"column":40}},"2":{"start":{"line":3,"column":0},"end":{"line":3,"column":48}},"3":{"start":{"line":4,"column":0},"end":{"line":4,"column":55}},"4":{"start":{"line":5,"column":0},"end":{"line":5,"column":42}},"5":{"start":{"line":6,"column":0},"end":{"line":6,"column":41}},"6":{"start":{"line":7,"column":0},"end":{"line":7,"column":64}},"7":{"start":{"line":8,"column":0},"end":{"line":8,"column":50}},"8":{"start":{"line":9,"column":0},"end":{"line":9,"column":32}},"9":{"start":{"line":10,"column":0},"end":{"line":10,"column":19}},"10":{"start":{"line":13,"column":2},"end":{"line":31,"column":4}},"11":{"start":{"line":34,"column":0},"end":{"line":34,"column":19}}},"fnMap":{"0":{"name":"App","decl":{"start":{"line":12,"column":9},"end":{"line":12,"column":12}},"loc":{"start":{"line":12,"column":12},"end":{"line":32,"column":1}}}},"branchMap":{},"s":{"0":0,"1":0,"2":0,"3":0,"4":0,"5":0,"6":0,"7":0,"8":0,"9":0,"10":0,"11":0},"f":{"0":0},"b":{}}
,"D:\\My Projects\\Product Management Dashboard\\src\\Pages\\AdminPage.tsx": {"path":"D:\\My Projects\\Product Management Dashboard\\src\\Pages\\AdminPage.tsx","statementMap":{"0":{"start":{"line":9,"column":0},"end":{"line":9,"column":24}},"1":{"start":{"line":1,"column":0},"end":{"line":1,"column":44}},"2":{"start":{"line":2,"column":0},"end":{"line":2,"column":51}},"3":{"start":{"line":4,"column":0},"end":{"line":4,"column":44}},"4":{"start":{"line":5,"column":0},"end":{"line":5,"column":46}},"5":{"start":{"line":6,"column":0},"end":{"line":6,"column":61}},"6":{"start":{"line":7,"column":0},"end":{"line":7,"column":56}},"7":{"start":{"line":17,"column":6},"end":{"line":17,"column":19}},"8":{"start":{"line":18,"column":48},"end":{"line":18,"column":78}},"9":{"start":{"line":19,"column":40},"end":{"line":19,"column":55}},"10":{"start":{"line":20,"column":36},"end":{"line":20,"column":73}},"11":{"start":{"line":21,"column":34},"end":{"line":27,"column":4}},"12":{"start":{"line":28,"column":36},"end":{"line":28,"column":65}},"13":{"start":{"line":29,"column":42},"end":{"line":29,"column":57}},"14":{"start":{"line":30,"column":46},"end":{"line":30,"column":75}},"15":{"start":{"line":32,"column":30},"end":{"line":34,"column":3}},"16":{"start":{"line":33,"column":4},"end":{"line":33,"column":76}},"17":{"start":{"line":33,"column":49},"end":{"line":33,"column":65}},"18":{"start":{"line":36,"column":33},"end":{"line":43,"column":3}},"19":{"start":{"line":37,"column":4},"end":{"line":37,"column":44}},"20":{"start":{"line":37,"column":31},"end":{"line":37,"column":44}},"21":{"start":{"line":38,"column":24},"end":{"line":40,"column":null}},"22":{"start":{"line":39,"column":35},"end":{"line":39,"column":62}},"23":{"start":{"line":42,"column":4},"end":{"line":42,"column":54}},"24":{"start":{"line":45,"column":32},"end":{"line":50,"column":3}},"25":{"start":{"line":46,"column":4},"end":{"line":49,"column":6}},"26":{"start":{"line":47,"column":35},"end":{"line":47,"column":63}},"27":{"start":{"line":52,"column":27},"end":{"line":65,"column":3}},"28":{"start":{"line":53,"column":4},"end":{"line":53,"column":27}},"29":{"start":{"line":54,"column":4},"end":{"line":54,"column":29}},"30":{"start":{"line":55,"column":4},"end":{"line":61,"column":7}},"31":{"start":{"line":62,"column":4},"end":{"line":62,"column":23}},"32":{"start":{"line":63,"column":4},"end":{"line":63,"column":28}},"33":{"start":{"line":64,"column":4},"end":{"line":64,"column":25}},"34":{"start":{"line":67,"column":28},"end":{"line":80,"column":3}},"35":{"start":{"line":68,"column":4},"end":{"line":68,"column":25}},"36":{"start":{"line":69,"column":4},"end":{"line":69,"column":32}},"37":{"start":{"line":70,"column":4},"end":{"line":76,"column":7}},"38":{"start":{"line":77,"column":4},"end":{"line":77,"column":23}},"39":{"start":{"line":78,"column":4},"end":{"line":78,"column":28}},"40":{"start":{"line":79,"column":4},"end":{"line":79,"column":25}},"41":{"start":{"line":82,"column":30},"end":{"line":96,"column":3}},"42":{"start":{"line":83,"column":4},"end":{"line":95,"column":5}},"43":{"start":{"line":84,"column":6},"end":{"line":94,"column":7}},"44":{"start":{"line":85,"column":8},"end":{"line":85,"column":32}},"45":{"start":{"line":86,"column":24},"end":{"line":86,"column":47}},"46":{"start":{"line":87,"column":8},"end":{"line":89,"column":9}},"47":{"start":{"line":88,"column":10},"end":{"line":88,"column":56}},"48":{"start":{"line":91,"column":8},"end":{"line":93,"column":10}},"49":{"start":{"line":98,"column":28},"end":{"line":108,"column":3}},"50":{"start":{"line":103,"column":34},"end":{"line":103,"column":42}},"51":{"start":{"line":104,"column":4},"end":{"line":107,"column":8}},"52":{"start":{"line":104,"column":27},"end":{"line":107,"column":6}},"53":{"start":{"line":110,"column":23},"end":{"line":140,"column":3}},"54":{"start":{"line":111,"column":4},"end":{"line":111,"column":23}},"55":{"start":{"line":112,"column":4},"end":{"line":112,"column":23}},"56":{"start":{"line":113,"column":4},"end":{"line":113,"column":28}},"57":{"start":{"line":114,"column":4},"end":{"line":114,"column":26}},"58":{"start":{"line":116,"column":4},"end":{"line":139,"column":5}},"59":{"start":{"line":117,"column":6},"end":{"line":123,"column":7}},"60":{"start":{"line":118,"column":8},"end":{"line":118,"column":38}},"61":{"start":{"line":119,"column":8},"end":{"line":119,"column":30}},"62":{"start":{"line":120,"column":13},"end":{"line":123,"column":7}},"63":{"start":{"line":121,"column":8},"end":{"line":121,"column":58}},"64":{"start":{"line":122,"column":8},"end":{"line":122,"column":30}},"65":{"start":{"line":126,"column":6},"end":{"line":132,"column":9}},"66":{"start":{"line":134,"column":6},"end":{"line":136,"column":8}},"67":{"start":{"line":138,"column":6},"end":{"line":138,"column":29}},"68":{"start":{"line":142,"column":2},"end":{"line":150,"column":3}},"69":{"start":{"line":143,"column":4},"end":{"line":149,"column":6}},"70":{"start":{"line":152,"column":2},"end":{"line":165,"column":3}},"71":{"start":{"line":153,"column":4},"end":{"line":164,"column":6}},"72":{"start":{"line":167,"column":2},"end":{"line":349,"column":4}},"73":{"start":{"line":190,"column":27},"end":{"line":190,"column":50}},"74":{"start":{"line":237,"column":10},"end":{"line":237,"column":32}},"75":{"start":{"line":251,"column":23},"end":{"line":251,"column":44}},"76":{"start":{"line":256,"column":27},"end":{"line":256,"column":48}},"77":{"start":{"line":293,"column":20},"end":{"line":293,"column":43}}},"fnMap":{"0":{"name":"AdminPage","decl":{"start":{"line":9,"column":24},"end":{"line":9,"column":33}},"loc":{"start":{"line":9,"column":33},"end":{"line":350,"column":1}}},"1":{"name":"(anonymous_1)","decl":{"start":{"line":32,"column":30},"end":{"line":32,"column":43}},"loc":{"start":{"line":32,"column":45},"end":{"line":34,"column":3}}},"2":{"name":"(anonymous_2)","decl":{"start":{"line":33,"column":36},"end":{"line":33,"column":37}},"loc":{"start":{"line":33,"column":49},"end":{"line":33,"column":65}}},"3":{"name":"(anonymous_3)","decl":{"start":{"line":36,"column":33},"end":{"line":36,"column":34}},"loc":{"start":{"line":36,"column":65},"end":{"line":43,"column":3}}},"4":{"name":"(anonymous_4)","decl":{"start":{"line":39,"column":6},"end":{"line":39,"column":7}},"loc":{"start":{"line":39,"column":35},"end":{"line":39,"column":62}}},"5":{"name":"(anonymous_5)","decl":{"start":{"line":45,"column":32},"end":{"line":45,"column":33}},"loc":{"start":{"line":45,"column":64},"end":{"line":50,"column":3}}},"6":{"name":"(anonymous_6)","decl":{"start":{"line":47,"column":6},"end":{"line":47,"column":7}},"loc":{"start":{"line":47,"column":35},"end":{"line":47,"column":63}}},"7":{"name":"(anonymous_7)","decl":{"start":{"line":52,"column":27},"end":{"line":52,"column":30}},"loc":{"start":{"line":52,"column":32},"end":{"line":65,"column":3}}},"8":{"name":"(anonymous_8)","decl":{"start":{"line":67,"column":28},"end":{"line":67,"column":29}},"loc":{"start":{"line":67,"column":49},"end":{"line":80,"column":3}}},"9":{"name":"(anonymous_9)","decl":{"start":{"line":82,"column":30},"end":{"line":82,"column":35}},"loc":{"start":{"line":82,"column":51},"end":{"line":96,"column":3}}},"10":{"name":"(anonymous_10)","decl":{"start":{"line":98,"column":28},"end":{"line":98,"column":null}},"loc":{"start":{"line":102,"column":6},"end":{"line":108,"column":3}}},"11":{"name":"(anonymous_11)","decl":{"start":{"line":104,"column":16},"end":{"line":104,"column":17}},"loc":{"start":{"line":104,"column":27},"end":{"line":107,"column":6}}},"12":{"name":"(anonymous_12)","decl":{"start":{"line":110,"column":23},"end":{"line":110,"column":28}},"loc":{"start":{"line":110,"column":52},"end":{"line":140,"column":3}}},"13":{"name":"(anonymous_13)","decl":{"start":{"line":190,"column":21},"end":{"line":190,"column":24}},"loc":{"start":{"line":190,"column":27},"end":{"line":190,"column":50}}},"14":{"name":"(anonymous_14)","decl":{"start":{"line":236,"column":22},"end":{"line":236,"column":23}},"loc":{"start":{"line":237,"column":10},"end":{"line":237,"column":32}}},"15":{"name":"(anonymous_15)","decl":{"start":{"line":251,"column":17},"end":{"line":251,"column":20}},"loc":{"start":{"line":251,"column":23},"end":{"line":251,"column":44}}},"16":{"name":"(anonymous_16)","decl":{"start":{"line":256,"column":21},"end":{"line":256,"column":24}},"loc":{"start":{"line":256,"column":27},"end":{"line":256,"column":48}}},"17":{"name":"(anonymous_17)","decl":{"start":{"line":292,"column":45},"end":{"line":292,"column":46}},"loc":{"start":{"line":293,"column":20},"end":{"line":293,"column":43}}}},"branchMap":{"0":{"loc":{"start":{"line":37,"column":4},"end":{"line":37,"column":44}},"type":"if","locations":[{"start":{"line":37,"column":4},"end":{"line":37,"column":44}}]},"1":{"loc":{"start":{"line":39,"column":42},"end":{"line":39,"column":61}},"type":"binary-expr","locations":[{"start":{"line":39,"column":42},"end":{"line":39,"column":56}},{"start":{"line":39,"column":60},"end":{"line":39,"column":61}}]},"2":{"loc":{"start":{"line":47,"column":42},"end":{"line":47,"column":62}},"type":"binary-expr","locations":[{"start":{"line":47,"column":42},"end":{"line":47,"column":57}},{"start":{"line":47,"column":61},"end":{"line":47,"column":62}}]},"3":{"loc":{"start":{"line":83,"column":4},"end":{"line":95,"column":5}},"type":"if","locations":[{"start":{"line":83,"column":4},"end":{"line":95,"column":5}}]},"4":{"loc":{"start":{"line":87,"column":8},"end":{"line":89,"column":9}},"type":"if","locations":[{"start":{"line":87,"column":8},"end":{"line":89,"column":9}}]},"5":{"loc":{"start":{"line":92,"column":10},"end":{"line":92,"column":71}},"type":"cond-expr","locations":[{"start":{"line":92,"column":33},"end":{"line":92,"column":44}},{"start":{"line":92,"column":47},"end":{"line":92,"column":71}}]},"6":{"loc":{"start":{"line":106,"column":14},"end":{"line":106,"column":55}},"type":"cond-expr","locations":[{"start":{"line":106,"column":34},"end":{"line":106,"column":47}},{"start":{"line":106,"column":50},"end":{"line":106,"column":55}}]},"7":{"loc":{"start":{"line":117,"column":6},"end":{"line":123,"column":7}},"type":"if","locations":[{"start":{"line":117,"column":6},"end":{"line":123,"column":7}},{"start":{"line":120,"column":13},"end":{"line":123,"column":7}}]},"8":{"loc":{"start":{"line":120,"column":13},"end":{"line":123,"column":7}},"type":"if","locations":[{"start":{"line":120,"column":13},"end":{"line":123,"column":7}}]},"9":{"loc":{"start":{"line":135,"column":8},"end":{"line":135,"column":68}},"type":"cond-expr","locations":[{"start":{"line":135,"column":31},"end":{"line":135,"column":42}},{"start":{"line":135,"column":45},"end":{"line":135,"column":68}}]},"10":{"loc":{"start":{"line":142,"column":2},"end":{"line":150,"column":3}},"type":"if","locations":[{"start":{"line":142,"column":2},"end":{"line":150,"column":3}}]},"11":{"loc":{"start":{"line":152,"column":2},"end":{"line":165,"column":3}},"type":"if","locations":[{"start":{"line":152,"column":2},"end":{"line":165,"column":3}}]},"12":{"loc":{"start":{"line":157,"column":14},"end":{"line":157,"column":73}},"type":"binary-expr","locations":[{"start":{"line":157,"column":14},"end":{"line":157,"column":27}},{"start":{"line":157,"column":31},"end":{"line":157,"column":73}}]},"13":{"loc":{"start":{"line":181,"column":7},"end":{"line":193,"column":null}},"type":"binary-expr","locations":[{"start":{"line":181,"column":7},"end":{"line":181,"column":21}},{"start":{"line":182,"column":8},"end":{"line":192,"column":null}}]},"14":{"loc":{"start":{"line":252,"column":15},"end":{"line":252,"column":74}},"type":"cond-expr","locations":[{"start":{"line":252,"column":40},"end":{"line":252,"column":57}},{"start":{"line":252,"column":60},"end":{"line":252,"column":74}}]},"15":{"loc":{"start":{"line":263,"column":11},"end":{"line":266,"column":null}},"type":"binary-expr","locations":[{"start":{"line":263,"column":11},"end":{"line":263,"column":20}},{"start":{"line":264,"column":12},"end":{"line":265,"column":null}}]},"16":{"loc":{"start":{"line":335,"column":15},"end":{"line":335,"column":70}},"type":"cond-expr","locations":[{"start":{"line":335,"column":40},"end":{"line":335,"column":53}},{"start":{"line":335,"column":56},"end":{"line":335,"column":70}}]}},"s":{"0":0,"1":0,"2":0,"3":0,"4":0,"5":0,"6":0,"7":0,"8":0,"9":0,"10":0,"11":0,"12":0,"13":0,"14":0,"15":0,"16":0,"17":0,"18":0,"19":0,"20":0,"21":0,"22":0,"23":0,"24":0,"25":0,"26":0,"27":0,"28":0,"29":0,"30":0,"31":0,"32":0,"33":0,"34":0,"35":0,"36":0,"37":0,"38":0,"39":0,"40":0,"41":0,"42":0,"43":0,"44":0,"45":0,"46":0,"47":0,"48":0,"49":0,"50":0,"51":0,"52":0,"53":0,"54":0,"55":0,"56":0,"57":0,"58":0,"59":0,"60":0,"61":0,"62":0,"63":0,"64":0,"65":0,"66":0,"67":0,"68":0,"69":0,"70":0,"71":0,"72":0,"73":0,"74":0,"75":0,"76":0,"77":0},"f":{"0":0,"1":0,"2":0,"3":0,"4":0,"5":0,"6":0,"7":0,"8":0,"9":0,"10":0,"11":0,"12":0,"13":0,"14":0,"15":0,"16":0,"17":0},"b":{"0":[0],"1":[0,0],"2":[0,0],"3":[0],"4":[0],"5":[0,0],"6":[0,0],"7":[0,0],"8":[0],"9":[0,0],"10":[0],"11":[0],"12":[0,0],"13":[0,0],"14":[0,0],"15":[0,0],"16":[0,0]}}
,"D:\\My Projects\\Product Management Dashboard\\src\\Pages\\HomePage.tsx": {"path":"D:\\My Projects\\Product Management Dashboard\\src\\Pages\\HomePage.tsx","statementMap":{"0":{"start":{"line":30,"column":0},"end":{"line":30,"column":24}},"1":{"start":{"line":1,"column":0},"end":{"line":1,"column":46}},"2":{"start":{"line":6,"column":19},"end":{"line":10,"column":2}},"3":{"start":{"line":12,"column":20},"end":{"line":24,"column":2}},"4":{"start":{"line":34,"column":27},"end":{"line":37,"column":3}},"5":{"start":{"line":35,"column":19},"end":{"line":35,"column":47}},"6":{"start":{"line":36,"column":4},"end":{"line":36,"column":37}},"7":{"start":{"line":42,"column":29},"end":{"line":44,"column":3}},"8":{"start":{"line":43,"column":4},"end":{"line":43,"column":39}},"9":{"start":{"line":46,"column":2},"end":{"line":78,"column":4}}},"fnMap":{"0":{"name":"HomePage","decl":{"start":{"line":30,"column":24},"end":{"line":30,"column":32}},"loc":{"start":{"line":30,"column":32},"end":{"line":79,"column":1}}},"1":{"name":"(anonymous_1)","decl":{"start":{"line":34,"column":27},"end":{"line":34,"column":28}},"loc":{"start":{"line":34,"column":73},"end":{"line":37,"column":3}}},"2":{"name":"(anonymous_2)","decl":{"start":{"line":42,"column":29},"end":{"line":42,"column":32}},"loc":{"start":{"line":42,"column":34},"end":{"line":44,"column":3}}}},"branchMap":{},"s":{"0":0,"1":0,"2":0,"3":0,"4":0,"5":0,"6":0,"7":0,"8":0,"9":0},"f":{"0":0,"1":0,"2":0},"b":{}}
,"D:\\My Projects\\Product Management Dashboard\\src\\Pages\\ProductsPage.tsx": {"path":"D:\\My Projects\\Product Management Dashboard\\src\\Pages\\ProductsPage.tsx","statementMap":{"0":{"start":{"line":9,"column":0},"end":{"line":9,"column":24}},"1":{"start":{"line":1,"column":0},"end":{"line":1,"column":44}},"2":{"start":{"line":2,"column":0},"end":{"line":2,"column":51}},"3":{"start":{"line":3,"column":0},"end":{"line":3,"column":46}},"4":{"start":{"line":4,"column":0},"end":{"line":4,"column":56}},"5":{"start":{"line":5,"column":0},"end":{"line":5,"column":47}},"6":{"start":{"line":7,"column":0},"end":{"line":7,"column":26}},"7":{"start":{"line":10,"column":34},"end":{"line":10,"column":57}},"8":{"start":{"line":11,"column":32},"end":{"line":11,"column":46}},"9":{"start":{"line":12,"column":28},"end":{"line":12,"column":57}},"10":{"start":{"line":13,"column":25},"end":{"line":13,"column":42}},"11":{"start":{"line":14,"column":50},"end":{"line":15,"column":null}},"12":{"start":{"line":17,"column":40},"end":{"line":18,"column":null}},"13":{"start":{"line":21,"column":2},"end":{"line":51,"column":9}},"14":{"start":{"line":22,"column":26},"end":{"line":48,"column":5}},"15":{"start":{"line":23,"column":6},"end":{"line":23,"column":23}},"16":{"start":{"line":24,"column":6},"end":{"line":24,"column":21}},"17":{"start":{"line":26,"column":6},"end":{"line":47,"column":11}},"18":{"start":{"line":30,"column":38},"end":{"line":39,"column":null}},"19":{"start":{"line":31,"column":43},"end":{"line":39,"column":14}},"20":{"start":{"line":41,"column":10},"end":{"line":41,"column":43}},"21":{"start":{"line":42,"column":10},"end":{"line":42,"column":28}},"22":{"start":{"line":45,"column":10},"end":{"line":45,"column":61}},"23":{"start":{"line":46,"column":10},"end":{"line":46,"column":28}},"24":{"start":{"line":50,"column":4},"end":{"line":50,"column":20}},"25":{"start":{"line":53,"column":21},"end":{"line":56,"column":16}},"26":{"start":{"line":55,"column":35},"end":{"line":55,"column":45}},"27":{"start":{"line":58,"column":27},"end":{"line":65,"column":4}},"28":{"start":{"line":60,"column":6},"end":{"line":60,"column":73}},"29":{"start":{"line":61,"column":26},"end":{"line":63,"column":42}},"30":{"start":{"line":64,"column":4},"end":{"line":64,"column":44}},"31":{"start":{"line":67,"column":23},"end":{"line":72,"column":3}},"32":{"start":{"line":71,"column":4},"end":{"line":71,"column":47}},"33":{"start":{"line":74,"column":22},"end":{"line":76,"column":3}},"34":{"start":{"line":75,"column":4},"end":{"line":75,"column":23}},"35":{"start":{"line":78,"column":2},"end":{"line":86,"column":3}},"36":{"start":{"line":79,"column":4},"end":{"line":85,"column":6}},"37":{"start":{"line":88,"column":2},"end":{"line":94,"column":3}},"38":{"start":{"line":89,"column":4},"end":{"line":93,"column":6}},"39":{"start":{"line":96,"column":2},"end":{"line":173,"column":4}},"40":{"start":{"line":107,"column":16},"end":{"line":107,"column":46}},"41":{"start":{"line":133,"column":14},"end":{"line":134,"column":null}},"42":{"start":{"line":139,"column":31},"end":{"line":139,"column":60}},"43":{"start":{"line":151,"column":10},"end":{"line":151,"column":32}},"44":{"start":{"line":164,"column":14},"end":{"line":164,"column":41}},"45":{"start":{"line":165,"column":14},"end":{"line":165,"column":33}}},"fnMap":{"0":{"name":"ProductsPage","decl":{"start":{"line":9,"column":24},"end":{"line":9,"column":36}},"loc":{"start":{"line":9,"column":36},"end":{"line":174,"column":1}}},"1":{"name":"(anonymous_2)","decl":{"start":{"line":21,"column":12},"end":{"line":21,"column":15}},"loc":{"start":{"line":21,"column":17},"end":{"line":51,"column":3}}},"2":{"name":"(anonymous_3)","decl":{"start":{"line":22,"column":26},"end":{"line":22,"column":29}},"loc":{"start":{"line":22,"column":31},"end":{"line":48,"column":5}}},"3":{"name":"(anonymous_4)","decl":{"start":{"line":28,"column":14},"end":{"line":28,"column":15}},"loc":{"start":{"line":28,"column":27},"end":{"line":43,"column":9}}},"4":{"name":"(anonymous_5)","decl":{"start":{"line":31,"column":12},"end":{"line":31,"column":13}},"loc":{"start":{"line":31,"column":43},"end":{"line":39,"column":14}}},"5":{"name":"(anonymous_6)","decl":{"start":{"line":44,"column":15},"end":{"line":44,"column":16}},"loc":{"start":{"line":44,"column":23},"end":{"line":47,"column":9}}},"6":{"name":"(anonymous_7)","decl":{"start":{"line":55,"column":28},"end":{"line":55,"column":29}},"loc":{"start":{"line":55,"column":35},"end":{"line":55,"column":45}}},"7":{"name":"(anonymous_8)","decl":{"start":{"line":58,"column":51},"end":{"line":58,"column":52}},"loc":{"start":{"line":58,"column":63},"end":{"line":65,"column":3}}},"8":{"name":"(anonymous_9)","decl":{"start":{"line":67,"column":23},"end":{"line":67,"column":26}},"loc":{"start":{"line":67,"column":28},"end":{"line":72,"column":3}}},"9":{"name":"(anonymous_10)","decl":{"start":{"line":74,"column":22},"end":{"line":74,"column":25}},"loc":{"start":{"line":74,"column":27},"end":{"line":76,"column":3}}},"10":{"name":"(anonymous_11)","decl":{"start":{"line":106,"column":24},"end":{"line":106,"column":25}},"loc":{"start":{"line":107,"column":16},"end":{"line":107,"column":46}}},"11":{"name":"(anonymous_12)","decl":{"start":{"line":132,"column":28},"end":{"line":132,"column":29}},"loc":{"start":{"line":133,"column":14},"end":{"line":134,"column":null}}},"12":{"name":"(anonymous_13)","decl":{"start":{"line":139,"column":25},"end":{"line":139,"column":28}},"loc":{"start":{"line":139,"column":31},"end":{"line":139,"column":60}}},"13":{"name":"(anonymous_14)","decl":{"start":{"line":150,"column":30},"end":{"line":150,"column":31}},"loc":{"start":{"line":151,"column":10},"end":{"line":151,"column":32}}},"14":{"name":"(anonymous_15)","decl":{"start":{"line":163,"column":21},"end":{"line":163,"column":24}},"loc":{"start":{"line":163,"column":26},"end":{"line":166,"column":13}}}},"branchMap":{"0":{"loc":{"start":{"line":15,"column":4},"end":{"line":15,"column":41}},"type":"binary-expr","locations":[{"start":{"line":15,"column":4},"end":{"line":15,"column":32}},{"start":{"line":15,"column":36},"end":{"line":15,"column":41}}]},"1":{"loc":{"start":{"line":18,"column":4},"end":{"line":18,"column":36}},"type":"binary-expr","locations":[{"start":{"line":18,"column":4},"end":{"line":18,"column":30}},{"start":{"line":18,"column":34},"end":{"line":18,"column":36}}]},"2":{"loc":{"start":{"line":45,"column":19},"end":{"line":45,"column":59}},"type":"binary-expr","locations":[{"start":{"line":45,"column":19},"end":{"line":45,"column":30}},{"start":{"line":45,"column":34},"end":{"line":45,"column":59}}]},"3":{"loc":{"start":{"line":58,"column":28},"end":{"line":58,"column":42}},"type":"binary-expr","locations":[{"start":{"line":58,"column":28},"end":{"line":58,"column":36}},{"start":{"line":58,"column":40},"end":{"line":58,"column":42}}]},"4":{"loc":{"start":{"line":60,"column":6},"end":{"line":60,"column":73}},"type":"binary-expr","locations":[{"start":{"line":60,"column":6},"end":{"line":60,"column":32}},{"start":{"line":60,"column":36},"end":{"line":60,"column":73}}]},"5":{"loc":{"start":{"line":64,"column":11},"end":{"line":64,"column":43}},"type":"binary-expr","locations":[{"start":{"line":64,"column":11},"end":{"line":64,"column":26}},{"start":{"line":64,"column":30},"end":{"line":64,"column":43}}]},"6":{"loc":{"start":{"line":78,"column":2},"end":{"line":86,"column":3}},"type":"if","locations":[{"start":{"line":78,"column":2},"end":{"line":86,"column":3}}]},"7":{"loc":{"start":{"line":88,"column":2},"end":{"line":94,"column":3}},"type":"if","locations":[{"start":{"line":88,"column":2},"end":{"line":94,"column":3}}]},"8":{"loc":{"start":{"line":111,"column":13},"end":{"line":119,"column":null}},"type":"binary-expr","locations":[{"start":{"line":111,"column":13},"end":{"line":111,"column":24}},{"start":{"line":112,"column":14},"end":{"line":118,"column":null}}]},"9":{"loc":{"start":{"line":136,"column":18},"end":{"line":136,"column":79}},"type":"cond-expr","locations":[{"start":{"line":136,"column":50},"end":{"line":136,"column":59}},{"start":{"line":136,"column":62},"end":{"line":136,"column":79}}]},"10":{"loc":{"start":{"line":141,"column":17},"end":{"line":141,"column":54}},"type":"cond-expr","locations":[{"start":{"line":141,"column":38},"end":{"line":141,"column":43}},{"start":{"line":141,"column":46},"end":{"line":141,"column":54}}]},"11":{"loc":{"start":{"line":157,"column":7},"end":{"line":170,"column":null}},"type":"binary-expr","locations":[{"start":{"line":157,"column":7},"end":{"line":157,"column":36}},{"start":{"line":158,"column":8},"end":{"line":169,"column":null}}]}},"s":{"0":0,"1":0,"2":0,"3":0,"4":0,"5":0,"6":0,"7":0,"8":0,"9":0,"10":0,"11":0,"12":0,"13":0,"14":0,"15":0,"16":0,"17":0,"18":0,"19":0,"20":0,"21":0,"22":0,"23":0,"24":0,"25":0,"26":0,"27":0,"28":0,"29":0,"30":0,"31":0,"32":0,"33":0,"34":0,"35":0,"36":0,"37":0,"38":0,"39":0,"40":0,"41":0,"42":0,"43":0,"44":0,"45":0},"f":{"0":0,"1":0,"2":0,"3":0,"4":0,"5":0,"6":0,"7":0,"8":0,"9":0,"10":0,"11":0,"12":0,"13":0,"14":0},"b":{"0":[0,0],"1":[0,0],"2":[0,0],"3":[0,0],"4":[0,0],"5":[0,0],"6":[0],"7":[0],"8":[0,0],"9":[0,0],"10":[0,0],"11":[0,0]}}
,"D:\\My Projects\\Product Management Dashboard\\src\\components\\Button.tsx": {"path":"D:\\My Projects\\Product Management Dashboard\\src\\components\\Button.tsx","statementMap":{"0":{"start":{"line":1,"column":0},"end":{"line":1,"column":26}},"1":{"start":{"line":15,"column":38},"end":{"line":48,"column":1}},"2":{"start":{"line":24,"column":22},"end":{"line":24,"column":27}},"3":{"start":{"line":25,"column":25},"end":{"line":25,"column":41}},"4":{"start":{"line":26,"column":22},"end":{"line":26,"column":56}},"5":{"start":{"line":28,"column":2},"end":{"line":47,"column":4}},"6":{"start":{"line":50,"column":9},"end":{"line":50,"column":15}}},"fnMap":{"0":{"name":"(anonymous_1)","decl":{"start":{"line":15,"column":38},"end":{"line":15,"column":39}},"loc":{"start":{"line":23,"column":5},"end":{"line":48,"column":1}}}},"branchMap":{"0":{"loc":{"start":{"line":17,"column":2},"end":{"line":17,"column":21}},"type":"default-arg","locations":[{"start":{"line":17,"column":12},"end":{"line":17,"column":21}}]},"1":{"loc":{"start":{"line":18,"column":2},"end":{"line":18,"column":13}},"type":"default-arg","locations":[{"start":{"line":18,"column":9},"end":{"line":18,"column":13}}]},"2":{"loc":{"start":{"line":19,"column":2},"end":{"line":19,"column":19}},"type":"default-arg","locations":[{"start":{"line":19,"column":14},"end":{"line":19,"column":19}}]},"3":{"loc":{"start":{"line":20,"column":2},"end":{"line":20,"column":16}},"type":"default-arg","locations":[{"start":{"line":20,"column":14},"end":{"line":20,"column":16}}]},"4":{"loc":{"start":{"line":26,"column":22},"end":{"line":26,"column":56}},"type":"cond-expr","locations":[{"start":{"line":26,"column":38},"end":{"line":26,"column":40}},{"start":{"line":26,"column":43},"end":{"line":26,"column":56}}]},"5":{"loc":{"start":{"line":31,"column":16},"end":{"line":31,"column":37}},"type":"binary-expr","locations":[{"start":{"line":31,"column":16},"end":{"line":31,"column":24}},{"start":{"line":31,"column":28},"end":{"line":31,"column":37}}]},"6":{"loc":{"start":{"line":34,"column":7},"end":{"line":44,"column":null}},"type":"cond-expr","locations":[{"start":{"line":35,"column":8},"end":{"line":40,"column":null}},{"start":{"line":44,"column":8},"end":{"line":44,"column":16}}]}},"s":{"0":0,"1":0,"2":0,"3":0,"4":0,"5":0,"6":0},"f":{"0":0},"b":{"0":[0],"1":[0],"2":[0],"3":[0],"4":[0,0],"5":[0,0],"6":[0,0]}}
,"D:\\My Projects\\Product Management Dashboard\\src\\components\\ColorModeSwitch.tsx": {"path":"D:\\My Projects\\Product Management Dashboard\\src\\components\\ColorModeSwitch.tsx","statementMap":{"0":{"start":{"line":8,"column":0},"end":{"line":8,"column":16}},"1":{"start":{"line":1,"column":0},"end":{"line":1,"column":26}},"2":{"start":{"line":2,"column":0},"end":{"line":2,"column":60}},"3":{"start":{"line":9,"column":41},"end":{"line":9,"column":55}},"4":{"start":{"line":11,"column":22},"end":{"line":11,"column":43}},"5":{"start":{"line":12,"column":19},"end":{"line":12,"column":49}},"6":{"start":{"line":13,"column":20},"end":{"line":13,"column":64}},"7":{"start":{"line":15,"column":2},"end":{"line":24,"column":4}}},"fnMap":{"0":{"name":"ColorModeSwitch","decl":{"start":{"line":8,"column":16},"end":{"line":8,"column":31}},"loc":{"start":{"line":8,"column":31},"end":{"line":25,"column":1}}}},"branchMap":{"0":{"loc":{"start":{"line":12,"column":19},"end":{"line":12,"column":49}},"type":"cond-expr","locations":[{"start":{"line":12,"column":33},"end":{"line":12,"column":39}},{"start":{"line":12,"column":42},"end":{"line":12,"column":49}}]},"1":{"loc":{"start":{"line":13,"column":20},"end":{"line":13,"column":64}},"type":"cond-expr","locations":[{"start":{"line":13,"column":34},"end":{"line":13,"column":48}},{"start":{"line":13,"column":51},"end":{"line":13,"column":64}}]}},"s":{"0":0,"1":0,"2":0,"3":0,"4":0,"5":0,"6":0,"7":0},"f":{"0":0},"b":{"0":[0,0],"1":[0,0]}}
,"D:\\My Projects\\Product Management Dashboard\\src\\components\\Form.tsx": {"path":"D:\\My Projects\\Product Management Dashboard\\src\\components\\Form.tsx","statementMap":{"0":{"start":{"line":1,"column":0},"end":{"line":1,"column":26}},"1":{"start":{"line":8,"column":44},"end":{"line":24,"column":1}},"2":{"start":{"line":14,"column":2},"end":{"line":23,"column":4}},"3":{"start":{"line":94,"column":9},"end":{"line":94,"column":18}},"4":{"start":{"line":32,"column":50},"end":{"line":48,"column":1}},"5":{"start":{"line":38,"column":2},"end":{"line":47,"column":4}},"6":{"start":{"line":94,"column":20},"end":{"line":94,"column":32}},"7":{"start":{"line":57,"column":52},"end":{"line":92,"column":1}},"8":{"start":{"line":64,"column":2},"end":{"line":91,"column":4}},"9":{"start":{"line":76,"column":12},"end":{"line":77,"column":null}},"10":{"start":{"line":94,"column":34},"end":{"line":94,"column":47}}},"fnMap":{"0":{"name":"(anonymous_1)","decl":{"start":{"line":8,"column":44},"end":{"line":8,"column":45}},"loc":{"start":{"line":13,"column":5},"end":{"line":24,"column":1}}},"1":{"name":"(anonymous_2)","decl":{"start":{"line":32,"column":50},"end":{"line":32,"column":51}},"loc":{"start":{"line":37,"column":5},"end":{"line":48,"column":1}}},"2":{"name":"(anonymous_3)","decl":{"start":{"line":57,"column":52},"end":{"line":57,"column":53}},"loc":{"start":{"line":63,"column":5},"end":{"line":92,"column":1}}},"3":{"name":"(anonymous_4)","decl":{"start":{"line":75,"column":23},"end":{"line":75,"column":24}},"loc":{"start":{"line":76,"column":12},"end":{"line":77,"column":null}}}},"branchMap":{"0":{"loc":{"start":{"line":11,"column":2},"end":{"line":11,"column":16}},"type":"default-arg","locations":[{"start":{"line":11,"column":14},"end":{"line":11,"column":16}}]},"1":{"loc":{"start":{"line":15,"column":20},"end":{"line":15,"column":39}},"type":"cond-expr","locations":[{"start":{"line":15,"column":28},"end":{"line":15,"column":34}},{"start":{"line":15,"column":37},"end":{"line":15,"column":39}}]},"2":{"loc":{"start":{"line":16,"column":7},"end":{"line":16,"column":61}},"type":"binary-expr","locations":[{"start":{"line":16,"column":7},"end":{"line":16,"column":12}},{"start":{"line":16,"column":16},"end":{"line":16,"column":61}}]},"3":{"loc":{"start":{"line":18,"column":35},"end":{"line":18,"column":60}},"type":"cond-expr","locations":[{"start":{"line":18,"column":43},"end":{"line":18,"column":55}},{"start":{"line":18,"column":58},"end":{"line":18,"column":60}}]},"4":{"loc":{"start":{"line":21,"column":7},"end":{"line":21,"column":63}},"type":"binary-expr","locations":[{"start":{"line":21,"column":7},"end":{"line":21,"column":12}},{"start":{"line":21,"column":16},"end":{"line":21,"column":63}}]},"5":{"loc":{"start":{"line":35,"column":2},"end":{"line":35,"column":16}},"type":"default-arg","locations":[{"start":{"line":35,"column":14},"end":{"line":35,"column":16}}]},"6":{"loc":{"start":{"line":42,"column":35},"end":{"line":42,"column":60}},"type":"cond-expr","locations":[{"start":{"line":42,"column":43},"end":{"line":42,"column":55}},{"start":{"line":42,"column":58},"end":{"line":42,"column":60}}]},"7":{"loc":{"start":{"line":45,"column":7},"end":{"line":45,"column":63}},"type":"binary-expr","locations":[{"start":{"line":45,"column":7},"end":{"line":45,"column":12}},{"start":{"line":45,"column":16},"end":{"line":45,"column":63}}]},"8":{"loc":{"start":{"line":61,"column":2},"end":{"line":61,"column":16}},"type":"default-arg","locations":[{"start":{"line":61,"column":14},"end":{"line":61,"column":16}}]},"9":{"loc":{"start":{"line":69,"column":35},"end":{"line":69,"column":60}},"type":"cond-expr","locations":[{"start":{"line":69,"column":43},"end":{"line":69,"column":55}},{"start":{"line":69,"column":58},"end":{"line":69,"column":60}}]},"10":{"loc":{"start":{"line":72,"column":7},"end":{"line":72,"column":63}},"type":"binary-expr","locations":[{"start":{"line":72,"column":7},"end":{"line":72,"column":12}},{"start":{"line":72,"column":16},"end":{"line":72,"column":63}}]},"11":{"loc":{"start":{"line":73,"column":7},"end":{"line":88,"column":null}},"type":"binary-expr","locations":[{"start":{"line":73,"column":7},"end":{"line":73,"column":14}},{"start":{"line":73,"column":18},"end":{"line":73,"column":36}},{"start":{"line":74,"column":8},"end":{"line":87,"column":null}}]}},"s":{"0":0,"1":0,"2":0,"3":0,"4":0,"5":0,"6":0,"7":0,"8":0,"9":0,"10":0},"f":{"0":0,"1":0,"2":0,"3":0},"b":{"0":[0],"1":[0,0],"2":[0,0],"3":[0,0],"4":[0,0],"5":[0],"6":[0,0],"7":[0,0],"8":[0],"9":[0,0],"10":[0,0],"11":[0,0,0]}}
,"D:\\My Projects\\Product Management Dashboard\\src\\components\\Modal.tsx": {"path":"D:\\My Projects\\Product Management Dashboard\\src\\components\\Modal.tsx","statementMap":{"0":{"start":{"line":1,"column":0},"end":{"line":1,"column":26}},"1":{"start":{"line":12,"column":43},"end":{"line":48,"column":1}},"2":{"start":{"line":20,"column":2},"end":{"line":20,"column":27}},"3":{"start":{"line":20,"column":15},"end":{"line":20,"column":27}},"4":{"start":{"line":22,"column":2},"end":{"line":47,"column":4}},"5":{"start":{"line":12,"column":13},"end":{"line":12,"column":43}}},"fnMap":{"0":{"name":"(anonymous_1)","decl":{"start":{"line":12,"column":43},"end":{"line":12,"column":44}},"loc":{"start":{"line":19,"column":5},"end":{"line":48,"column":1}}}},"branchMap":{"0":{"loc":{"start":{"line":17,"column":2},"end":{"line":17,"column":13}},"type":"default-arg","locations":[{"start":{"line":17,"column":9},"end":{"line":17,"column":13}}]},"1":{"loc":{"start":{"line":20,"column":2},"end":{"line":20,"column":27}},"type":"if","locations":[{"start":{"line":20,"column":2},"end":{"line":20,"column":27}}]},"2":{"loc":{"start":{"line":43,"column":11},"end":{"line":43,"column":65}},"type":"binary-expr","locations":[{"start":{"line":43,"column":11},"end":{"line":43,"column":17}},{"start":{"line":43,"column":21},"end":{"line":43,"column":65}}]}},"s":{"0":0,"1":0,"2":0,"3":0,"4":0,"5":0},"f":{"0":0},"b":{"0":[0],"1":[0],"2":[0,0]}}
,"D:\\My Projects\\Product Management Dashboard\\src\\components\\Navbar.tsx": {"path":"D:\\My Projects\\Product Management Dashboard\\src\\components\\Navbar.tsx","statementMap":{"0":{"start":{"line":18,"column":0},"end":{"line":18,"column":24}},"1":{"start":{"line":1,"column":0},"end":{"line":1,"column":53}},"2":{"start":{"line":2,"column":0},"end":{"line":2,"column":52}},"3":{"start":{"line":3,"column":0},"end":{"line":3,"column":60}},"4":{"start":{"line":8,"column":18},"end":{"line":12,"column":11}},"5":{"start":{"line":19,"column":19},"end":{"line":19,"column":32}},"6":{"start":{"line":20,"column":24},"end":{"line":20,"column":38}},"7":{"start":{"line":25,"column":27},"end":{"line":26,"column":50}},"8":{"start":{"line":26,"column":4},"end":{"line":26,"column":50}},"9":{"start":{"line":28,"column":2},"end":{"line":71,"column":4}},"10":{"start":{"line":55,"column":14},"end":{"line":55,"column":null}}},"fnMap":{"0":{"name":"Navbar","decl":{"start":{"line":18,"column":24},"end":{"line":18,"column":30}},"loc":{"start":{"line":18,"column":30},"end":{"line":72,"column":1}}},"1":{"name":"(anonymous_1)","decl":{"start":{"line":25,"column":27},"end":{"line":25,"column":30}},"loc":{"start":{"line":26,"column":4},"end":{"line":26,"column":50}}},"2":{"name":"(anonymous_2)","decl":{"start":{"line":54,"column":27},"end":{"line":54,"column":28}},"loc":{"start":{"line":55,"column":14},"end":{"line":55,"column":null}}}},"branchMap":{"0":{"loc":{"start":{"line":26,"column":4},"end":{"line":26,"column":50}},"type":"cond-expr","locations":[{"start":{"line":26,"column":28},"end":{"line":26,"column":38}},{"start":{"line":26,"column":41},"end":{"line":26,"column":50}}]},"1":{"loc":{"start":{"line":59,"column":20},"end":{"line":59,"column":null}},"type":"cond-expr","locations":[{"start":{"line":59,"column":49},"end":{"line":59,"column":57}},{"start":{"line":59,"column":60},"end":{"line":59,"column":null}}]}},"s":{"0":0,"1":0,"2":0,"3":0,"4":0,"5":0,"6":0,"7":0,"8":0,"9":0,"10":0},"f":{"0":0,"1":0,"2":0},"b":{"0":[0,0],"1":[0,0]}}
,"D:\\My Projects\\Product Management Dashboard\\src\\components\\ProductCard.tsx": {"path":"D:\\My Projects\\Product Management Dashboard\\src\\components\\ProductCard.tsx","statementMap":{"0":{"start":{"line":1,"column":0},"end":{"line":1,"column":51}},"1":{"start":{"line":2,"column":0},"end":{"line":2,"column":40}},"2":{"start":{"line":4,"column":0},"end":{"line":4,"column":26}},"3":{"start":{"line":13,"column":55},"end":{"line":146,"column":1}},"4":{"start":{"line":19,"column":32},"end":{"line":19,"column":62}},"5":{"start":{"line":20,"column":32},"end":{"line":20,"column":46}},"6":{"start":{"line":21,"column":28},"end":{"line":21,"column":57}},"7":{"start":{"line":23,"column":2},"end":{"line":52,"column":18}},"8":{"start":{"line":24,"column":25},"end":{"line":49,"column":5}},"9":{"start":{"line":25,"column":6},"end":{"line":25,"column":23}},"10":{"start":{"line":26,"column":6},"end":{"line":26,"column":21}},"11":{"start":{"line":28,"column":6},"end":{"line":48,"column":11}},"12":{"start":{"line":32,"column":29},"end":{"line":32,"column":42}},"13":{"start":{"line":33,"column":46},"end":{"line":41,"column":12}},"14":{"start":{"line":42,"column":10},"end":{"line":42,"column":41}},"15":{"start":{"line":43,"column":10},"end":{"line":43,"column":28}},"16":{"start":{"line":46,"column":10},"end":{"line":46,"column":60}},"17":{"start":{"line":47,"column":10},"end":{"line":47,"column":28}},"18":{"start":{"line":51,"column":4},"end":{"line":51,"column":19}},"19":{"start":{"line":54,"column":2},"end":{"line":64,"column":3}},"20":{"start":{"line":55,"column":4},"end":{"line":63,"column":6}},"21":{"start":{"line":66,"column":2},"end":{"line":74,"column":3}},"22":{"start":{"line":67,"column":4},"end":{"line":73,"column":6}},"23":{"start":{"line":76,"column":2},"end":{"line":145,"column":4}},"24":{"start":{"line":84,"column":25},"end":{"line":84,"column":53}},"25":{"start":{"line":85,"column":10},"end":{"line":85,"column":42}},"26":{"start":{"line":106,"column":16},"end":{"line":107,"column":null}},"27":{"start":{"line":130,"column":31},"end":{"line":130,"column":48}},"28":{"start":{"line":136,"column":31},"end":{"line":136,"column":53}},"29":{"start":{"line":13,"column":13},"end":{"line":13,"column":55}}},"fnMap":{"0":{"name":"(anonymous_10)","decl":{"start":{"line":13,"column":55},"end":{"line":13,"column":56}},"loc":{"start":{"line":18,"column":5},"end":{"line":146,"column":1}}},"1":{"name":"(anonymous_11)","decl":{"start":{"line":23,"column":12},"end":{"line":23,"column":15}},"loc":{"start":{"line":23,"column":17},"end":{"line":52,"column":3}}},"2":{"name":"(anonymous_12)","decl":{"start":{"line":24,"column":25},"end":{"line":24,"column":28}},"loc":{"start":{"line":24,"column":30},"end":{"line":49,"column":5}}},"3":{"name":"(anonymous_13)","decl":{"start":{"line":30,"column":14},"end":{"line":30,"column":15}},"loc":{"start":{"line":30,"column":27},"end":{"line":44,"column":9}}},"4":{"name":"(anonymous_14)","decl":{"start":{"line":45,"column":15},"end":{"line":45,"column":16}},"loc":{"start":{"line":45,"column":23},"end":{"line":48,"column":9}}},"5":{"name":"(anonymous_15)","decl":{"start":{"line":83,"column":17},"end":{"line":83,"column":18}},"loc":{"start":{"line":83,"column":23},"end":{"line":86,"column":9}}},"6":{"name":"(anonymous_16)","decl":{"start":{"line":105,"column":35},"end":{"line":105,"column":36}},"loc":{"start":{"line":106,"column":16},"end":{"line":107,"column":null}}},"7":{"name":"(anonymous_17)","decl":{"start":{"line":130,"column":25},"end":{"line":130,"column":28}},"loc":{"start":{"line":130,"column":31},"end":{"line":130,"column":48}}},"8":{"name":"(anonymous_18)","decl":{"start":{"line":136,"column":25},"end":{"line":136,"column":28}},"loc":{"start":{"line":136,"column":31},"end":{"line":136,"column":53}}}},"branchMap":{"0":{"loc":{"start":{"line":17,"column":2},"end":{"line":17,"column":17}},"type":"default-arg","locations":[{"start":{"line":17,"column":12},"end":{"line":17,"column":17}}]},"1":{"loc":{"start":{"line":46,"column":19},"end":{"line":46,"column":58}},"type":"binary-expr","locations":[{"start":{"line":46,"column":19},"end":{"line":46,"column":30}},{"start":{"line":46,"column":34},"end":{"line":46,"column":58}}]},"2":{"loc":{"start":{"line":54,"column":2},"end":{"line":64,"column":3}},"type":"if","locations":[{"start":{"line":54,"column":2},"end":{"line":64,"column":3}}]},"3":{"loc":{"start":{"line":66,"column":2},"end":{"line":74,"column":3}},"type":"if","locations":[{"start":{"line":66,"column":2},"end":{"line":74,"column":3}}]},"4":{"loc":{"start":{"line":66,"column":6},"end":{"line":66,"column":23}},"type":"binary-expr","locations":[{"start":{"line":66,"column":6},"end":{"line":66,"column":11}},{"start":{"line":66,"column":15},"end":{"line":66,"column":23}}]},"5":{"loc":{"start":{"line":70,"column":40},"end":{"line":70,"column":68}},"type":"binary-expr","locations":[{"start":{"line":70,"column":40},"end":{"line":70,"column":45}},{"start":{"line":70,"column":49},"end":{"line":70,"column":68}}]},"6":{"loc":{"start":{"line":102,"column":9},"end":{"line":117,"column":null}},"type":"binary-expr","locations":[{"start":{"line":102,"column":9},"end":{"line":102,"column":23}},{"start":{"line":103,"column":10},"end":{"line":116,"column":null}}]},"7":{"loc":{"start":{"line":109,"column":20},"end":{"line":109,"column":null}},"type":"cond-expr","locations":[{"start":{"line":109,"column":63},"end":{"line":109,"column":70}},{"start":{"line":109,"column":73},"end":{"line":109,"column":null}}]},"8":{"loc":{"start":{"line":126,"column":11},"end":{"line":140,"column":null}},"type":"binary-expr","locations":[{"start":{"line":126,"column":11},"end":{"line":126,"column":18}},{"start":{"line":127,"column":12},"end":{"line":139,"column":null}}]}},"s":{"0":0,"1":0,"2":0,"3":0,"4":0,"5":0,"6":0,"7":0,"8":0,"9":0,"10":0,"11":0,"12":0,"13":0,"14":0,"15":0,"16":0,"17":0,"18":0,"19":0,"20":0,"21":0,"22":0,"23":0,"24":0,"25":0,"26":0,"27":0,"28":0,"29":0},"f":{"0":0,"1":0,"2":0,"3":0,"4":0,"5":0,"6":0,"7":0,"8":0},"b":{"0":[0],"1":[0,0],"2":[0],"3":[0],"4":[0,0],"5":[0,0],"6":[0,0],"7":[0,0],"8":[0,0]}}
,"D:\\My Projects\\Product Management Dashboard\\src\\components\\ProductDetail.tsx": {"path":"D:\\My Projects\\Product Management Dashboard\\src\\components\\ProductDetail.tsx","statementMap":{"0":{"start":{"line":6,"column":0},"end":{"line":6,"column":24}},"1":{"start":{"line":1,"column":0},"end":{"line":1,"column":44}},"2":{"start":{"line":2,"column":0},"end":{"line":2,"column":64}},"3":{"start":{"line":4,"column":0},"end":{"line":4,"column":26}},"4":{"start":{"line":7,"column":17},"end":{"line":7,"column":28}},"5":{"start":{"line":8,"column":19},"end":{"line":8,"column":32}},"6":{"start":{"line":9,"column":32},"end":{"line":9,"column":62}},"7":{"start":{"line":10,"column":32},"end":{"line":10,"column":46}},"8":{"start":{"line":11,"column":28},"end":{"line":11,"column":57}},"9":{"start":{"line":13,"column":2},"end":{"line":44,"column":11}},"10":{"start":{"line":14,"column":25},"end":{"line":41,"column":5}},"11":{"start":{"line":15,"column":6},"end":{"line":15,"column":22}},"12":{"start":{"line":15,"column":15},"end":{"line":15,"column":22}},"13":{"start":{"line":17,"column":6},"end":{"line":17,"column":23}},"14":{"start":{"line":18,"column":6},"end":{"line":18,"column":21}},"15":{"start":{"line":20,"column":6},"end":{"line":40,"column":11}},"16":{"start":{"line":24,"column":29},"end":{"line":24,"column":42}},"17":{"start":{"line":25,"column":46},"end":{"line":33,"column":12}},"18":{"start":{"line":34,"column":10},"end":{"line":34,"column":41}},"19":{"start":{"line":35,"column":10},"end":{"line":35,"column":28}},"20":{"start":{"line":38,"column":10},"end":{"line":38,"column":60}},"21":{"start":{"line":39,"column":10},"end":{"line":39,"column":28}},"22":{"start":{"line":43,"column":4},"end":{"line":43,"column":19}},"23":{"start":{"line":46,"column":2},"end":{"line":54,"column":3}},"24":{"start":{"line":47,"column":4},"end":{"line":53,"column":6}},"25":{"start":{"line":56,"column":2},"end":{"line":69,"column":3}},"26":{"start":{"line":57,"column":4},"end":{"line":68,"column":6}},"27":{"start":{"line":71,"column":2},"end":{"line":84,"column":3}},"28":{"start":{"line":72,"column":4},"end":{"line":83,"column":6}},"29":{"start":{"line":86,"column":2},"end":{"line":156,"column":4}},"30":{"start":{"line":112,"column":31},"end":{"line":112,"column":59}},"31":{"start":{"line":113,"column":16},"end":{"line":113,"column":48}},"32":{"start":{"line":145,"column":29},"end":{"line":145,"column":52}}},"fnMap":{"0":{"name":"ProductDetail","decl":{"start":{"line":6,"column":24},"end":{"line":6,"column":37}},"loc":{"start":{"line":6,"column":37},"end":{"line":157,"column":1}}},"1":{"name":"(anonymous_2)","decl":{"start":{"line":13,"column":12},"end":{"line":13,"column":15}},"loc":{"start":{"line":13,"column":17},"end":{"line":44,"column":3}}},"2":{"name":"(anonymous_3)","decl":{"start":{"line":14,"column":25},"end":{"line":14,"column":28}},"loc":{"start":{"line":14,"column":30},"end":{"line":41,"column":5}}},"3":{"name":"(anonymous_4)","decl":{"start":{"line":22,"column":14},"end":{"line":22,"column":15}},"loc":{"start":{"line":22,"column":27},"end":{"line":36,"column":9}}},"4":{"name":"(anonymous_5)","decl":{"start":{"line":37,"column":15},"end":{"line":37,"column":16}},"loc":{"start":{"line":37,"column":23},"end":{"line":40,"column":9}}},"5":{"name":"(anonymous_6)","decl":{"start":{"line":111,"column":23},"end":{"line":111,"column":24}},"loc":{"start":{"line":111,"column":29},"end":{"line":114,"column":15}}},"6":{"name":"(anonymous_7)","decl":{"start":{"line":145,"column":23},"end":{"line":145,"column":26}},"loc":{"start":{"line":145,"column":29},"end":{"line":145,"column":52}}}},"branchMap":{"0":{"loc":{"start":{"line":15,"column":6},"end":{"line":15,"column":22}},"type":"if","locations":[{"start":{"line":15,"column":6},"end":{"line":15,"column":22}}]},"1":{"loc":{"start":{"line":38,"column":19},"end":{"line":38,"column":58}},"type":"binary-expr","locations":[{"start":{"line":38,"column":19},"end":{"line":38,"column":30}},{"start":{"line":38,"column":34},"end":{"line":38,"column":58}}]},"2":{"loc":{"start":{"line":46,"column":2},"end":{"line":54,"column":3}},"type":"if","locations":[{"start":{"line":46,"column":2},"end":{"line":54,"column":3}}]},"3":{"loc":{"start":{"line":56,"column":2},"end":{"line":69,"column":3}},"type":"if","locations":[{"start":{"line":56,"column":2},"end":{"line":69,"column":3}}]},"4":{"loc":{"start":{"line":71,"column":2},"end":{"line":84,"column":3}},"type":"if","locations":[{"start":{"line":71,"column":2},"end":{"line":84,"column":3}}]},"5":{"loc":{"start":{"line":126,"column":16},"end":{"line":126,"column":null}},"type":"cond-expr","locations":[{"start":{"line":126,"column":51},"end":{"line":126,"column":63}},{"start":{"line":126,"column":66},"end":{"line":126,"column":null}}]},"6":{"loc":{"start":{"line":126,"column":17},"end":{"line":126,"column":43}},"type":"binary-expr","locations":[{"start":{"line":126,"column":17},"end":{"line":126,"column":38}},{"start":{"line":126,"column":42},"end":{"line":126,"column":43}}]},"7":{"loc":{"start":{"line":129,"column":15},"end":{"line":129,"column":77}},"type":"cond-expr","locations":[{"start":{"line":129,"column":50},"end":{"line":129,"column":60}},{"start":{"line":129,"column":63},"end":{"line":129,"column":77}}]},"8":{"loc":{"start":{"line":129,"column":16},"end":{"line":129,"column":42}},"type":"binary-expr","locations":[{"start":{"line":129,"column":16},"end":{"line":129,"column":37}},{"start":{"line":129,"column":41},"end":{"line":129,"column":42}}]},"9":{"loc":{"start":{"line":144,"column":25},"end":{"line":144,"column":51}},"type":"binary-expr","locations":[{"start":{"line":144,"column":25},"end":{"line":144,"column":46}},{"start":{"line":144,"column":50},"end":{"line":144,"column":51}}]}},"s":{"0":0,"1":0,"2":0,"3":0,"4":0,"5":0,"6":0,"7":0,"8":0,"9":0,"10":0,"11":0,"12":0,"13":0,"14":0,"15":0,"16":0,"17":0,"18":0,"19":0,"20":0,"21":0,"22":0,"23":0,"24":0,"25":0,"26":0,"27":0,"28":0,"29":0,"30":0,"31":0,"32":0},"f":{"0":0,"1":0,"2":0,"3":0,"4":0,"5":0,"6":0},"b":{"0":[0],"1":[0,0],"2":[0],"3":[0],"4":[0],"5":[0,0],"6":[0,0],"7":[0,0],"8":[0,0],"9":[0,0]}}
,"D:\\My Projects\\Product Management Dashboard\\src\\contexts\\ColorModeContext.tsx": {"path":"D:\\My Projects\\Product Management Dashboard\\src\\contexts\\ColorModeContext.tsx","statementMap":{"0":{"start":{"line":27,"column":0},"end":{"line":27,"column":16}},"1":{"start":{"line":64,"column":0},"end":{"line":64,"column":16}},"2":{"start":{"line":1,"column":0},"end":{"line":1,"column":78}},"3":{"start":{"line":19,"column":25},"end":{"line":20,"column":null}},"4":{"start":{"line":29,"column":36},"end":{"line":32,"column":4}},"5":{"start":{"line":30,"column":22},"end":{"line":30,"column":55}},"6":{"start":{"line":31,"column":4},"end":{"line":31,"column":47}},"7":{"start":{"line":35,"column":2},"end":{"line":38,"column":18}},"8":{"start":{"line":36,"column":4},"end":{"line":36,"column":49}},"9":{"start":{"line":37,"column":4},"end":{"line":37,"column":70}},"10":{"start":{"line":43,"column":26},"end":{"line":45,"column":3}},"11":{"start":{"line":44,"column":4},"end":{"line":44,"column":74}},"12":{"start":{"line":44,"column":32},"end":{"line":44,"column":71}},"13":{"start":{"line":47,"column":16},"end":{"line":50,"column":4}},"14":{"start":{"line":52,"column":2},"end":{"line":56,"column":4}},"15":{"start":{"line":65,"column":18},"end":{"line":65,"column":46}},"16":{"start":{"line":66,"column":2},"end":{"line":68,"column":3}},"17":{"start":{"line":67,"column":4},"end":{"line":67,"column":76}},"18":{"start":{"line":69,"column":2},"end":{"line":69,"column":17}}},"fnMap":{"0":{"name":"ColorModeProvider","decl":{"start":{"line":27,"column":16},"end":{"line":27,"column":33}},"loc":{"start":{"line":27,"column":77},"end":{"line":57,"column":1}}},"1":{"name":"(anonymous_10)","decl":{"start":{"line":29,"column":56},"end":{"line":29,"column":59}},"loc":{"start":{"line":29,"column":61},"end":{"line":32,"column":3}}},"2":{"name":"(anonymous_11)","decl":{"start":{"line":35,"column":12},"end":{"line":35,"column":15}},"loc":{"start":{"line":35,"column":17},"end":{"line":38,"column":3}}},"3":{"name":"(anonymous_12)","decl":{"start":{"line":43,"column":26},"end":{"line":43,"column":29}},"loc":{"start":{"line":43,"column":31},"end":{"line":45,"column":3}}},"4":{"name":"(anonymous_13)","decl":{"start":{"line":44,"column":17},"end":{"line":44,"column":18}},"loc":{"start":{"line":44,"column":32},"end":{"line":44,"column":71}}},"5":{"name":"useColorMode","decl":{"start":{"line":64,"column":16},"end":{"line":64,"column":28}},"loc":{"start":{"line":64,"column":28},"end":{"line":70,"column":1}}}},"branchMap":{"0":{"loc":{"start":{"line":31,"column":12},"end":{"line":31,"column":46}},"type":"binary-expr","locations":[{"start":{"line":31,"column":12},"end":{"line":31,"column":35}},{"start":{"line":31,"column":39},"end":{"line":31,"column":46}}]},"1":{"loc":{"start":{"line":44,"column":32},"end":{"line":44,"column":71}},"type":"cond-expr","locations":[{"start":{"line":44,"column":55},"end":{"line":44,"column":61}},{"start":{"line":44,"column":64},"end":{"line":44,"column":71}}]},"2":{"loc":{"start":{"line":66,"column":2},"end":{"line":68,"column":3}},"type":"if","locations":[{"start":{"line":66,"column":2},"end":{"line":68,"column":3}}]}},"s":{"0":0,"1":0,"2":0,"3":0,"4":0,"5":0,"6":0,"7":0,"8":0,"9":0,"10":0,"11":0,"12":0,"13":0,"14":0,"15":0,"16":0,"17":0,"18":0},"f":{"0":0,"1":0,"2":0,"3":0,"4":0,"5":0},"b":{"0":[0,0],"1":[0,0],"2":[0]}}
,"D:\\My Projects\\Product Management Dashboard\\src\\hooks\\useProducts.ts": {"path":"D:\\My Projects\\Product Management Dashboard\\src\\hooks\\useProducts.ts","statementMap":{"0":{"start":{"line":1,"column":0},"end":{"line":1,"column":44}},"1":{"start":{"line":4,"column":21},"end":{"line":4,"column":47}},"2":{"start":{"line":6,"column":27},"end":{"line":210,"column":1}},"3":{"start":{"line":7,"column":38},"end":{"line":7,"column":50}},"4":{"start":{"line":8,"column":50},"end":{"line":8,"column":79}},"5":{"start":{"line":9,"column":34},"end":{"line":9,"column":63}},"6":{"start":{"line":10,"column":34},"end":{"line":10,"column":63}},"7":{"start":{"line":11,"column":30},"end":{"line":11,"column":55}},"8":{"start":{"line":12,"column":36},"end":{"line":12,"column":67}},"9":{"start":{"line":13,"column":34},"end":{"line":13,"column":57}},"10":{"start":{"line":14,"column":32},"end":{"line":14,"column":47}},"11":{"start":{"line":15,"column":28},"end":{"line":15,"column":56}},"12":{"start":{"line":17,"column":24},"end":{"line":32,"column":3}},"13":{"start":{"line":18,"column":4},"end":{"line":31,"column":5}},"14":{"start":{"line":19,"column":6},"end":{"line":19,"column":23}},"15":{"start":{"line":20,"column":6},"end":{"line":20,"column":21}},"16":{"start":{"line":21,"column":23},"end":{"line":21,"column":62}},"17":{"start":{"line":22,"column":6},"end":{"line":24,"column":7}},"18":{"start":{"line":23,"column":8},"end":{"line":23,"column":52}},"19":{"start":{"line":25,"column":19},"end":{"line":25,"column":40}},"20":{"start":{"line":26,"column":6},"end":{"line":26,"column":24}},"21":{"start":{"line":28,"column":6},"end":{"line":28,"column":29}},"22":{"start":{"line":30,"column":6},"end":{"line":30,"column":24}},"23":{"start":{"line":35,"column":30},"end":{"line":83,"column":3}},"24":{"start":{"line":36,"column":19},"end":{"line":36,"column":32}},"25":{"start":{"line":39,"column":4},"end":{"line":44,"column":5}},"26":{"start":{"line":40,"column":6},"end":{"line":43,"column":8}},"27":{"start":{"line":41,"column":8},"end":{"line":42,"column":76}},"28":{"start":{"line":47,"column":4},"end":{"line":49,"column":5}},"29":{"start":{"line":48,"column":6},"end":{"line":48,"column":83}},"30":{"start":{"line":48,"column":44},"end":{"line":48,"column":81}},"31":{"start":{"line":52,"column":4},"end":{"line":54,"column":5}},"32":{"start":{"line":53,"column":6},"end":{"line":53,"column":71}},"33":{"start":{"line":53,"column":44},"end":{"line":53,"column":69}},"34":{"start":{"line":55,"column":4},"end":{"line":57,"column":5}},"35":{"start":{"line":56,"column":6},"end":{"line":56,"column":71}},"36":{"start":{"line":56,"column":44},"end":{"line":56,"column":69}},"37":{"start":{"line":60,"column":4},"end":{"line":75,"column":7}},"38":{"start":{"line":61,"column":21},"end":{"line":61,"column":47}},"39":{"start":{"line":62,"column":21},"end":{"line":62,"column":47}},"40":{"start":{"line":64,"column":6},"end":{"line":68,"column":7}},"41":{"start":{"line":65,"column":8},"end":{"line":67,"column":41}},"42":{"start":{"line":70,"column":6},"end":{"line":72,"column":7}},"43":{"start":{"line":71,"column":8},"end":{"line":71,"column":71}},"44":{"start":{"line":74,"column":6},"end":{"line":74,"column":15}},"45":{"start":{"line":78,"column":4},"end":{"line":80,"column":5}},"46":{"start":{"line":79,"column":6},"end":{"line":79,"column":49}},"47":{"start":{"line":82,"column":4},"end":{"line":82,"column":20}},"48":{"start":{"line":85,"column":2},"end":{"line":87,"column":9}},"49":{"start":{"line":86,"column":4},"end":{"line":86,"column":20}},"50":{"start":{"line":89,"column":2},"end":{"line":91,"column":91}},"51":{"start":{"line":90,"column":4},"end":{"line":90,"column":39}},"52":{"start":{"line":93,"column":24},"end":{"line":118,"column":3}},"53":{"start":{"line":94,"column":4},"end":{"line":117,"column":5}},"54":{"start":{"line":95,"column":6},"end":{"line":95,"column":23}},"55":{"start":{"line":96,"column":6},"end":{"line":96,"column":21}},"56":{"start":{"line":97,"column":23},"end":{"line":103,"column":8}},"57":{"start":{"line":105,"column":6},"end":{"line":107,"column":7}},"58":{"start":{"line":106,"column":8},"end":{"line":106,"column":52}},"59":{"start":{"line":109,"column":25},"end":{"line":109,"column":46}},"60":{"start":{"line":110,"column":6},"end":{"line":110,"column":49}},"61":{"start":{"line":110,"column":26},"end":{"line":110,"column":47}},"62":{"start":{"line":111,"column":6},"end":{"line":111,"column":24}},"63":{"start":{"line":113,"column":6},"end":{"line":113,"column":29}},"64":{"start":{"line":114,"column":6},"end":{"line":114,"column":16}},"65":{"start":{"line":116,"column":6},"end":{"line":116,"column":24}},"66":{"start":{"line":120,"column":24},"end":{"line":145,"column":3}},"67":{"start":{"line":121,"column":4},"end":{"line":144,"column":5}},"68":{"start":{"line":122,"column":6},"end":{"line":122,"column":23}},"69":{"start":{"line":123,"column":6},"end":{"line":123,"column":21}},"70":{"start":{"line":124,"column":23},"end":{"line":130,"column":8}},"71":{"start":{"line":132,"column":6},"end":{"line":134,"column":7}},"72":{"start":{"line":133,"column":8},"end":{"line":133,"column":52}},"73":{"start":{"line":136,"column":29},"end":{"line":136,"column":50}},"74":{"start":{"line":137,"column":6},"end":{"line":137,"column":75}},"75":{"start":{"line":137,"column":26},"end":{"line":137,"column":73}},"76":{"start":{"line":137,"column":40},"end":{"line":137,"column":72}},"77":{"start":{"line":138,"column":6},"end":{"line":138,"column":28}},"78":{"start":{"line":140,"column":6},"end":{"line":140,"column":29}},"79":{"start":{"line":141,"column":6},"end":{"line":141,"column":16}},"80":{"start":{"line":143,"column":6},"end":{"line":143,"column":24}},"81":{"start":{"line":147,"column":24},"end":{"line":167,"column":3}},"82":{"start":{"line":148,"column":4},"end":{"line":166,"column":5}},"83":{"start":{"line":149,"column":6},"end":{"line":149,"column":23}},"84":{"start":{"line":150,"column":6},"end":{"line":150,"column":21}},"85":{"start":{"line":151,"column":23},"end":{"line":153,"column":8}},"86":{"start":{"line":155,"column":6},"end":{"line":157,"column":7}},"87":{"start":{"line":156,"column":8},"end":{"line":156,"column":52}},"88":{"start":{"line":159,"column":6},"end":{"line":159,"column":57}},"89":{"start":{"line":159,"column":26},"end":{"line":159,"column":55}},"90":{"start":{"line":159,"column":43},"end":{"line":159,"column":54}},"91":{"start":{"line":160,"column":6},"end":{"line":160,"column":18}},"92":{"start":{"line":162,"column":6},"end":{"line":162,"column":29}},"93":{"start":{"line":163,"column":6},"end":{"line":163,"column":16}},"94":{"start":{"line":165,"column":6},"end":{"line":165,"column":24}},"95":{"start":{"line":169,"column":21},"end":{"line":187,"column":3}},"96":{"start":{"line":170,"column":4},"end":{"line":186,"column":5}},"97":{"start":{"line":171,"column":6},"end":{"line":171,"column":23}},"98":{"start":{"line":172,"column":6},"end":{"line":172,"column":21}},"99":{"start":{"line":173,"column":23},"end":{"line":173,"column":68}},"100":{"start":{"line":175,"column":6},"end":{"line":177,"column":7}},"101":{"start":{"line":176,"column":8},"end":{"line":176,"column":51}},"102":{"start":{"line":179,"column":22},"end":{"line":179,"column":43}},"103":{"start":{"line":180,"column":6},"end":{"line":180,"column":21}},"104":{"start":{"line":182,"column":6},"end":{"line":182,"column":29}},"105":{"start":{"line":183,"column":6},"end":{"line":183,"column":16}},"106":{"start":{"line":185,"column":6},"end":{"line":185,"column":24}},"107":{"start":{"line":189,"column":2},"end":{"line":209,"column":4}},"108":{"start":{"line":6,"column":13},"end":{"line":6,"column":27}}},"fnMap":{"0":{"name":"(anonymous_0)","decl":{"start":{"line":6,"column":27},"end":{"line":6,"column":28}},"loc":{"start":{"line":6,"column":60},"end":{"line":210,"column":1}}},"1":{"name":"(anonymous_1)","decl":{"start":{"line":17,"column":24},"end":{"line":17,"column":29}},"loc":{"start":{"line":17,"column":35},"end":{"line":32,"column":3}}},"2":{"name":"(anonymous_2)","decl":{"start":{"line":35,"column":30},"end":{"line":35,"column":33}},"loc":{"start":{"line":35,"column":35},"end":{"line":83,"column":3}}},"3":{"name":"(anonymous_3)","decl":{"start":{"line":40,"column":33},"end":{"line":40,"column":40}},"loc":{"start":{"line":41,"column":8},"end":{"line":42,"column":76}}},"4":{"name":"(anonymous_4)","decl":{"start":{"line":48,"column":33},"end":{"line":48,"column":40}},"loc":{"start":{"line":48,"column":44},"end":{"line":48,"column":81}}},"5":{"name":"(anonymous_5)","decl":{"start":{"line":53,"column":33},"end":{"line":53,"column":40}},"loc":{"start":{"line":53,"column":44},"end":{"line":53,"column":69}}},"6":{"name":"(anonymous_6)","decl":{"start":{"line":56,"column":33},"end":{"line":56,"column":40}},"loc":{"start":{"line":56,"column":44},"end":{"line":56,"column":69}}},"7":{"name":"(anonymous_7)","decl":{"start":{"line":60,"column":18},"end":{"line":60,"column":19}},"loc":{"start":{"line":60,"column":27},"end":{"line":75,"column":5}}},"8":{"name":"(anonymous_8)","decl":{"start":{"line":85,"column":12},"end":{"line":85,"column":15}},"loc":{"start":{"line":85,"column":17},"end":{"line":87,"column":3}}},"9":{"name":"(anonymous_9)","decl":{"start":{"line":89,"column":12},"end":{"line":89,"column":15}},"loc":{"start":{"line":89,"column":17},"end":{"line":91,"column":3}}},"10":{"name":"(anonymous_10)","decl":{"start":{"line":93,"column":24},"end":{"line":93,"column":29}},"loc":{"start":{"line":93,"column":60},"end":{"line":118,"column":3}}},"11":{"name":"(anonymous_11)","decl":{"start":{"line":110,"column":18},"end":{"line":110,"column":22}},"loc":{"start":{"line":110,"column":26},"end":{"line":110,"column":47}}},"12":{"name":"(anonymous_12)","decl":{"start":{"line":120,"column":24},"end":{"line":120,"column":29}},"loc":{"start":{"line":120,"column":76},"end":{"line":145,"column":3}}},"13":{"name":"(anonymous_13)","decl":{"start":{"line":137,"column":18},"end":{"line":137,"column":22}},"loc":{"start":{"line":137,"column":26},"end":{"line":137,"column":73}}},"14":{"name":"(anonymous_14)","decl":{"start":{"line":137,"column":35},"end":{"line":137,"column":36}},"loc":{"start":{"line":137,"column":40},"end":{"line":137,"column":72}}},"15":{"name":"(anonymous_15)","decl":{"start":{"line":147,"column":24},"end":{"line":147,"column":29}},"loc":{"start":{"line":147,"column":45},"end":{"line":167,"column":3}}},"16":{"name":"(anonymous_16)","decl":{"start":{"line":159,"column":18},"end":{"line":159,"column":22}},"loc":{"start":{"line":159,"column":26},"end":{"line":159,"column":55}}},"17":{"name":"(anonymous_17)","decl":{"start":{"line":159,"column":38},"end":{"line":159,"column":39}},"loc":{"start":{"line":159,"column":43},"end":{"line":159,"column":54}}},"18":{"name":"(anonymous_18)","decl":{"start":{"line":169,"column":21},"end":{"line":169,"column":26}},"loc":{"start":{"line":169,"column":42},"end":{"line":187,"column":3}}}},"branchMap":{"0":{"loc":{"start":{"line":22,"column":6},"end":{"line":24,"column":7}},"type":"if","locations":[{"start":{"line":22,"column":6},"end":{"line":24,"column":7}}]},"1":{"loc":{"start":{"line":39,"column":4},"end":{"line":44,"column":5}},"type":"if","locations":[{"start":{"line":39,"column":4},"end":{"line":44,"column":5}}]},"2":{"loc":{"start":{"line":41,"column":8},"end":{"line":42,"column":76}},"type":"binary-expr","locations":[{"start":{"line":41,"column":8},"end":{"line":41,"column":70}},{"start":{"line":42,"column":8},"end":{"line":42,"column":76}}]},"3":{"loc":{"start":{"line":47,"column":4},"end":{"line":49,"column":5}},"type":"if","locations":[{"start":{"line":47,"column":4},"end":{"line":49,"column":5}}]},"4":{"loc":{"start":{"line":52,"column":4},"end":{"line":54,"column":5}},"type":"if","locations":[{"start":{"line":52,"column":4},"end":{"line":54,"column":5}}]},"5":{"loc":{"start":{"line":55,"column":4},"end":{"line":57,"column":5}},"type":"if","locations":[{"start":{"line":55,"column":4},"end":{"line":57,"column":5}}]},"6":{"loc":{"start":{"line":64,"column":6},"end":{"line":68,"column":7}},"type":"if","locations":[{"start":{"line":64,"column":6},"end":{"line":68,"column":7}}]},"7":{"loc":{"start":{"line":64,"column":10},"end":{"line":64,"column":66}},"type":"binary-expr","locations":[{"start":{"line":64,"column":10},"end":{"line":64,"column":36}},{"start":{"line":64,"column":40},"end":{"line":64,"column":66}}]},"8":{"loc":{"start":{"line":65,"column":15},"end":{"line":67,"column":40}},"type":"cond-expr","locations":[{"start":{"line":66,"column":12},"end":{"line":66,"column":40}},{"start":{"line":67,"column":12},"end":{"line":67,"column":40}}]},"9":{"loc":{"start":{"line":70,"column":6},"end":{"line":72,"column":7}},"type":"if","locations":[{"start":{"line":70,"column":6},"end":{"line":72,"column":7}}]},"10":{"loc":{"start":{"line":70,"column":10},"end":{"line":70,"column":66}},"type":"binary-expr","locations":[{"start":{"line":70,"column":10},"end":{"line":70,"column":36}},{"start":{"line":70,"column":40},"end":{"line":70,"column":66}}]},"11":{"loc":{"start":{"line":71,"column":15},"end":{"line":71,"column":70}},"type":"cond-expr","locations":[{"start":{"line":71,"column":37},"end":{"line":71,"column":52}},{"start":{"line":71,"column":55},"end":{"line":71,"column":70}}]},"12":{"loc":{"start":{"line":78,"column":4},"end":{"line":80,"column":5}},"type":"if","locations":[{"start":{"line":78,"column":4},"end":{"line":80,"column":5}}]},"13":{"loc":{"start":{"line":105,"column":6},"end":{"line":107,"column":7}},"type":"if","locations":[{"start":{"line":105,"column":6},"end":{"line":107,"column":7}}]},"14":{"loc":{"start":{"line":132,"column":6},"end":{"line":134,"column":7}},"type":"if","locations":[{"start":{"line":132,"column":6},"end":{"line":134,"column":7}}]},"15":{"loc":{"start":{"line":137,"column":40},"end":{"line":137,"column":72}},"type":"cond-expr","locations":[{"start":{"line":137,"column":54},"end":{"line":137,"column":68}},{"start":{"line":137,"column":71},"end":{"line":137,"column":72}}]},"16":{"loc":{"start":{"line":155,"column":6},"end":{"line":157,"column":7}},"type":"if","locations":[{"start":{"line":155,"column":6},"end":{"line":157,"column":7}}]},"17":{"loc":{"start":{"line":175,"column":6},"end":{"line":177,"column":7}},"type":"if","locations":[{"start":{"line":175,"column":6},"end":{"line":177,"column":7}}]}},"s":{"0":0,"1":0,"2":0,"3":0,"4":0,"5":0,"6":0,"7":0,"8":0,"9":0,"10":0,"11":0,"12":0,"13":0,"14":0,"15":0,"16":0,"17":0,"18":0,"19":0,"20":0,"21":0,"22":0,"23":0,"24":0,"25":0,"26":0,"27":0,"28":0,"29":0,"30":0,"31":0,"32":0,"33":0,"34":0,"35":0,"36":0,"37":0,"38":0,"39":0,"40":0,"41":0,"42":0,"43":0,"44":0,"45":0,"46":0,"47":0,"48":0,"49":0,"50":0,"51":0,"52":0,"53":0,"54":0,"55":0,"56":0,"57":0,"58":0,"59":0,"60":0,"61":0,"62":0,"63":0,"64":0,"65":0,"66":0,"67":0,"68":0,"69":0,"70":0,"71":0,"72":0,"73":0,"74":0,"75":0,"76":0,"77":0,"78":0,"79":0,"80":0,"81":0,"82":0,"83":0,"84":0,"85":0,"86":0,"87":0,"88":0,"89":0,"90":0,"91":0,"92":0,"93":0,"94":0,"95":0,"96":0,"97":0,"98":0,"99":0,"100":0,"101":0,"102":0,"103":0,"104":0,"105":0,"106":0,"107":0,"108":0},"f":{"0":0,"1":0,"2":0,"3":0,"4":0,"5":0,"6":0,"7":0,"8":0,"9":0,"10":0,"11":0,"12":0,"13":0,"14":0,"15":0,"16":0,"17":0,"18":0},"b":{"0":[0],"1":[0],"2":[0,0],"3":[0],"4":[0],"5":[0],"6":[0],"7":[0,0],"8":[0,0],"9":[0],"10":[0,0],"11":[0,0],"12":[0],"13":[0],"14":[0],"15":[0,0],"16":[0],"17":[0]}}
,"D:\\My Projects\\Product Management Dashboard\\src\\utils\\api.ts": {"path":"D:\\My Projects\\Product Management Dashboard\\src\\utils\\api.ts","statementMap":{"0":{"start":{"line":1,"column":0},"end":{"line":1,"column":26}},"1":{"start":{"line":3,"column":21},"end":{"line":3,"column":59}},"2":{"start":{"line":5,"column":26},"end":{"line":5,"column":66}},"3":{"start":{"line":5,"column":32},"end":{"line":5,"column":66}},"4":{"start":{"line":5,"column":13},"end":{"line":5,"column":26}},"5":{"start":{"line":6,"column":31},"end":{"line":6,"column":96}},"6":{"start":{"line":6,"column":56},"end":{"line":6,"column":96}},"7":{"start":{"line":6,"column":13},"end":{"line":6,"column":31}},"8":{"start":{"line":7,"column":26},"end":{"line":7,"column":66}},"9":{"start":{"line":7,"column":32},"end":{"line":7,"column":66}},"10":{"start":{"line":7,"column":13},"end":{"line":7,"column":26}}},"fnMap":{"0":{"name":"(anonymous_1)","decl":{"start":{"line":5,"column":26},"end":{"line":5,"column":29}},"loc":{"start":{"line":5,"column":32},"end":{"line":5,"column":66}}},"1":{"name":"(anonymous_2)","decl":{"start":{"line":6,"column":31},"end":{"line":6,"column":32}},"loc":{"start":{"line":6,"column":56},"end":{"line":6,"column":96}}},"2":{"name":"(anonymous_3)","decl":{"start":{"line":7,"column":26},"end":{"line":7,"column":29}},"loc":{"start":{"line":7,"column":32},"end":{"line":7,"column":66}}}},"branchMap":{},"s":{"0":0,"1":0,"2":0,"3":0,"4":0,"5":0,"6":0,"7":0,"8":0,"9":0,"10":0},"f":{"0":0,"1":0,"2":0},"b":{}}
}
